<?xml version="1.0" encoding="UTF-8"?>
<!-- Generated by org.testng.reporters.JUnitReportReporter -->
<testsuite hostname="LAPTOP-AN95BIIA" failures="0" tests="1" name="com.qa.TestBase.TestBase" time="9.177" errors="0" timestamp="2022-05-19T12:43:52 IST" skipped="0">
  <testcase classname="com.qa.TestBase.TestBase" name="Testbase" time="9.177"/>
  <system-out/>
</testsuite> <!-- com.qa.TestBase.TestBase -->
